[debug] [2020-04-24T05:11:11.541Z] ----------------------------------------------------------------------
[debug] [2020-04-24T05:11:11.547Z] Command:       C:\Program Files\nodejs\node.exe C:\Users\Ganesh.LAPTOP-NA5I7609\AppData\Roaming\npm\node_modules\firebase-tools\lib\bin\firebase.js serve
[debug] [2020-04-24T05:11:11.548Z] CLI Version:   8.0.0
[debug] [2020-04-24T05:11:11.548Z] Platform:      win32
[debug] [2020-04-24T05:11:11.548Z] Node Version:  v12.16.1
[debug] [2020-04-24T05:11:11.599Z] Time:          Fri Apr 24 2020 10:41:11 GMT+0530 (India Standard Time)
[debug] [2020-04-24T05:11:11.600Z] ----------------------------------------------------------------------
[debug] [2020-04-24T05:11:11.600Z] 
[debug] [2020-04-24T05:11:11.650Z] > command requires scopes: ["email","openid","https://www.googleapis.com/auth/cloudplatformprojects.readonly","https://www.googleapis.com/auth/firebase","https://www.googleapis.com/auth/cloud-platform"]
[debug] [2020-04-24T05:11:11.653Z] > authorizing via signed-in user
[debug] [2020-04-24T05:11:11.654Z] [iam] checking project expensesheetproject for permissions ["firebase.projects.get"]
[debug] [2020-04-24T05:11:11.680Z] > refreshing access token with scopes: ["email","https://www.googleapis.com/auth/cloud-platform","https://www.googleapis.com/auth/cloudplatformprojects.readonly","https://www.googleapis.com/auth/firebase","openid"]
[debug] [2020-04-24T05:11:11.681Z] >>> HTTP REQUEST POST https://www.googleapis.com/oauth2/v3/token  
 <request body omitted>
[debug] [2020-04-24T05:11:16.680Z] <<< HTTP RESPONSE 200 {"content-type":"application/json; charset=utf-8","vary":"X-Origin, Referer, Origin,Accept-Encoding","date":"Fri, 24 Apr 2020 05:11:16 GMT","server":"scaffolding on HTTPServer2","cache-control":"private","x-xss-protection":"0","x-frame-options":"SAMEORIGIN","x-content-type-options":"nosniff","alt-svc":"quic=\":443\"; ma=2592000; v=\"46,43\",h3-Q050=\":443\"; ma=2592000,h3-Q049=\":443\"; ma=2592000,h3-Q048=\":443\"; ma=2592000,h3-Q046=\":443\"; ma=2592000,h3-Q043=\":443\"; ma=2592000,h3-T050=\":443\"; ma=2592000","accept-ranges":"none","transfer-encoding":"chunked"}
[debug] [2020-04-24T05:11:16.753Z] >>> HTTP REQUEST POST https://cloudresourcemanager.googleapis.com/v1/projects/expensesheetproject:testIamPermissions  
 {"permissions":["firebase.projects.get"]}
[debug] [2020-04-24T05:11:18.736Z] <<< HTTP RESPONSE 200 {"content-type":"application/json; charset=UTF-8","vary":"X-Origin, Referer, Origin,Accept-Encoding","date":"Fri, 24 Apr 2020 05:11:18 GMT","server":"ESF","cache-control":"private","x-xss-protection":"0","x-frame-options":"SAMEORIGIN","x-content-type-options":"nosniff","server-timing":"gfet4t7; dur=1379","alt-svc":"quic=\":443\"; ma=2592000; v=\"46,43\",h3-Q050=\":443\"; ma=2592000,h3-Q049=\":443\"; ma=2592000,h3-Q048=\":443\"; ma=2592000,h3-Q046=\":443\"; ma=2592000,h3-Q043=\":443\"; ma=2592000,h3-T050=\":443\"; ma=2592000","accept-ranges":"none","transfer-encoding":"chunked"}
[debug] [2020-04-24T05:11:18.744Z] >>> HTTP REQUEST GET https://firebase.googleapis.com/v1beta1/projects/expensesheetproject  
 
[debug] [2020-04-24T05:11:20.574Z] <<< HTTP RESPONSE 200 {"content-type":"application/json; charset=UTF-8","vary":"X-Origin, Referer, Origin,Accept-Encoding","date":"Fri, 24 Apr 2020 05:11:20 GMT","server":"ESF","cache-control":"private","x-xss-protection":"0","x-frame-options":"SAMEORIGIN","x-content-type-options":"nosniff","alt-svc":"quic=\":443\"; ma=2592000; v=\"46,43\",h3-Q050=\":443\"; ma=2592000,h3-Q049=\":443\"; ma=2592000,h3-Q048=\":443\"; ma=2592000,h3-Q046=\":443\"; ma=2592000,h3-Q043=\":443\"; ma=2592000,h3-T050=\":443\"; ma=2592000","accept-ranges":"none","transfer-encoding":"chunked"}
[info] 
[info] === Serving from 'C:\Users\Ganesh.LAPTOP-NA5I7609\Desktop\react-firebase-auth\react-firebase-auth'...
[info] 
[debug] [2020-04-24T05:11:20.596Z] >>> HTTP REQUEST GET https://firebase.googleapis.com/v1beta1/projects/expensesheetproject/webApps/-/config  
 
[debug] [2020-04-24T05:11:22.008Z] <<< HTTP RESPONSE 200 {"content-type":"application/json; charset=UTF-8","vary":"X-Origin, Referer, Origin,Accept-Encoding","date":"Fri, 24 Apr 2020 05:11:21 GMT","server":"ESF","cache-control":"private","x-xss-protection":"0","x-frame-options":"SAMEORIGIN","x-content-type-options":"nosniff","alt-svc":"quic=\":443\"; ma=2592000; v=\"46,43\",h3-Q050=\":443\"; ma=2592000,h3-Q049=\":443\"; ma=2592000,h3-Q048=\":443\"; ma=2592000,h3-Q046=\":443\"; ma=2592000,h3-Q043=\":443\"; ma=2592000,h3-T050=\":443\"; ma=2592000","accept-ranges":"none","transfer-encoding":"chunked"}
[info] i  hosting: Serving hosting files from: build
[info] +  hosting: Local server: http://localhost:5000
